## Footprint report - date Tuesday, 05 March 2024, 17:04:16
## Created by KiCad version (7.0.0-0)
## Unit = mm, Angle = deg.

$BeginDESCRIPTION

$BOARD
upper_left_corner 87.010120 63.662500
lower_right_corner 159.050001 131.161422
$EndBOARD

$MODULE C1
footprint Capacitor_THT:CP_Radial_D10.0mm_P3.80mm
attribut none
position 135.700000 95.500000  orientation 0.00
layer front
$PAD "1"
Shape Rect Layer both
position  0.000000  0.000000  size  2.000000  2.000000  orientation 0.00
drill  1.000000
shape_offset  0.000000  0.000000
$EndPAD
$PAD "2"
Shape Circle Layer both
position  3.800000  0.000000  size  2.000000  2.000000  orientation 0.00
drill  1.000000
shape_offset  0.000000  0.000000
$EndPAD
$EndMODULE  C1

$MODULE D1
footprint Soviet:D223
attribut none
position 148.500000 114.000000  orientation 90.00
layer front
$PAD "1"
Shape Rect Layer both
position  0.000000  0.000000  size  1.600000  1.600000  orientation 0.00
drill  0.800000
shape_offset  0.000000  0.000000
$EndPAD
$PAD "2"
Shape Oval Layer both
position 12.000000  0.000000  size  1.600000  1.600000  orientation 0.00
drill  0.800000
shape_offset  0.000000  0.000000
$EndPAD
$EndMODULE  D1

$MODULE D2
footprint Soviet:D223
attribut none
position 148.500000 82.500000  orientation 180.00
layer front
$PAD "1"
Shape Rect Layer both
position  0.000000  0.000000  size  1.600000  1.600000  orientation 0.00
drill  0.800000
shape_offset  0.000000  0.000000
$EndPAD
$PAD "2"
Shape Oval Layer both
position 12.000000  0.000000  size  1.600000  1.600000  orientation 0.00
drill  0.800000
shape_offset  0.000000  0.000000
$EndPAD
$EndMODULE  D2

$MODULE D3
footprint Soviet:D2
attribut none
position 109.500000 83.500000  orientation 0.00
layer front
$PAD "1"
Shape Rect Layer both
position  0.000000  0.000000  size  1.700000  1.700000  orientation 0.00
drill  1.000000
shape_offset  0.000000  0.000000
$EndPAD
$PAD "2"
Shape Oval Layer both
position 20.000000  0.000000  size  1.700000  1.700000  orientation 0.00
drill  1.000000
shape_offset  0.000000  0.000000
$EndPAD
$EndMODULE  D3

$MODULE D4
footprint Soviet:D2
attribut none
position 109.500000 89.500000  orientation 0.00
layer front
$PAD "1"
Shape Rect Layer both
position  0.000000  0.000000  size  1.700000  1.700000  orientation 0.00
drill  1.000000
shape_offset  0.000000  0.000000
$EndPAD
$PAD "2"
Shape Oval Layer both
position 20.000000  0.000000  size  1.700000  1.700000  orientation 0.00
drill  1.000000
shape_offset  0.000000  0.000000
$EndPAD
$EndMODULE  D4

$MODULE D5
footprint Soviet:D2
attribut none
position 109.500000 95.500000  orientation 0.00
layer front
$PAD "1"
Shape Rect Layer both
position  0.000000  0.000000  size  1.700000  1.700000  orientation 0.00
drill  1.000000
shape_offset  0.000000  0.000000
$EndPAD
$PAD "2"
Shape Oval Layer both
position 20.000000  0.000000  size  1.700000  1.700000  orientation 0.00
drill  1.000000
shape_offset  0.000000  0.000000
$EndPAD
$EndMODULE  D5

$MODULE D6
footprint Soviet:D2
attribut none
position 109.500000 101.500000  orientation 0.00
layer front
$PAD "1"
Shape Rect Layer both
position  0.000000  0.000000  size  1.700000  1.700000  orientation 0.00
drill  1.000000
shape_offset  0.000000  0.000000
$EndPAD
$PAD "2"
Shape Oval Layer both
position 20.000000  0.000000  size  1.700000  1.700000  orientation 0.00
drill  1.000000
shape_offset  0.000000  0.000000
$EndPAD
$EndMODULE  D6

$MODULE D7
footprint Soviet:D223
attribut none
position 148.500000 98.500000  orientation 90.00
layer front
$PAD "1"
Shape Rect Layer both
position  0.000000  0.000000  size  1.600000  1.600000  orientation 0.00
drill  0.800000
shape_offset  0.000000  0.000000
$EndPAD
$PAD "2"
Shape Oval Layer both
position 12.000000  0.000000  size  1.600000  1.600000  orientation 0.00
drill  0.800000
shape_offset  0.000000  0.000000
$EndPAD
$EndMODULE  D7

$MODULE G***
footprint LOGO
attribut virtual
position 109.400000 120.000000  orientation 0.00
layer front
$EndMODULE  G***

$MODULE J1
footprint Connector_PinSocket_2.54mm:PinSocket_1x02_P2.54mm_Vertical
attribut none
position 109.500000 108.960000  orientation 0.00
layer front
$PAD "1"
Shape Rect Layer both
position  0.000000  0.000000  size  1.700000  1.700000  orientation 0.00
drill  1.000000
shape_offset  0.000000  0.000000
$EndPAD
$PAD "2"
Shape Oval Layer both
position  0.000000  2.540000  size  1.700000  1.700000  orientation 0.00
drill  1.000000
shape_offset  0.000000  0.000000
$EndPAD
$EndMODULE  J1

$MODULE J2
footprint Connector_PinSocket_2.54mm:PinSocket_1x03_P2.54mm_Vertical
attribut none
position 134.920000 87.500000  orientation 90.00
layer front
$PAD "1"
Shape Rect Layer both
position  0.000000  0.000000  size  1.700000  1.700000  orientation 0.00
drill  1.000000
shape_offset  0.000000  0.000000
$EndPAD
$PAD "2"
Shape Oval Layer both
position  0.000000  2.540000  size  1.700000  1.700000  orientation 0.00
drill  1.000000
shape_offset  0.000000  0.000000
$EndPAD
$PAD "3"
Shape Oval Layer both
position  0.000000  5.080000  size  1.700000  1.700000  orientation 0.00
drill  1.000000
shape_offset  0.000000  0.000000
$EndPAD
$EndMODULE  J2

$MODULE J3
footprint Connector_PinSocket_2.54mm:PinSocket_1x02_P2.54mm_Vertical
attribut none
position 144.000000 90.000000  orientation 180.00
layer front
$PAD "1"
Shape Rect Layer both
position  0.000000  0.000000  size  1.700000  1.700000  orientation 0.00
drill  1.000000
shape_offset  0.000000  0.000000
$EndPAD
$PAD "2"
Shape Oval Layer both
position  0.000000  2.540000  size  1.700000  1.700000  orientation 0.00
drill  1.000000
shape_offset  0.000000  0.000000
$EndPAD
$EndMODULE  J3

$MODULE Q1
footprint Soviet:Soviet-MP38
attribut none
position 136.450000 109.000000  orientation 0.00
layer front
$PAD "1"
Shape Oval Layer both
position  0.000000  0.000000  size  1.200000  1.200000  orientation 0.00
drill  0.700000
shape_offset  0.000000  0.000000
$EndPAD
$PAD "2"
Shape Oval Layer both
position  2.540000 -1.900000  size  1.200000  1.200000  orientation 0.00
drill  0.700000
shape_offset  0.000000  0.000000
$EndPAD
$PAD "3"
Shape Oval Layer both
position  5.080000  0.000000  size  1.200000  1.200000  orientation 0.00
drill  0.700000
shape_offset  0.000000  0.000000
$EndPAD
$EndMODULE  Q1

$MODULE R1
footprint Resistor_THT:R_Axial_DIN0207_L6.3mm_D2.5mm_P10.16mm_Horizontal
attribut none
position 120.420000 113.500000  orientation 0.00
layer front
$PAD "1"
Shape Circle Layer both
position  0.000000  0.000000  size  1.600000  1.600000  orientation 0.00
drill  0.800000
shape_offset  0.000000  0.000000
$EndPAD
$PAD "2"
Shape Oval Layer both
position 10.160000  0.000000  size  1.600000  1.600000  orientation 0.00
drill  0.800000
shape_offset  0.000000  0.000000
$EndPAD
$EndMODULE  R1

$MODULE R2
footprint Resistor_THT:R_Axial_DIN0207_L6.3mm_D2.5mm_P10.16mm_Horizontal
attribut none
position 120.420000 110.000000  orientation 0.00
layer front
$PAD "1"
Shape Circle Layer both
position  0.000000  0.000000  size  1.600000  1.600000  orientation 0.00
drill  0.800000
shape_offset  0.000000  0.000000
$EndPAD
$PAD "2"
Shape Oval Layer both
position 10.160000  0.000000  size  1.600000  1.600000  orientation 0.00
drill  0.800000
shape_offset  0.000000  0.000000
$EndPAD
$EndMODULE  R2

$MODULE R3
footprint Resistor_THT:R_Axial_DIN0207_L6.3mm_D2.5mm_P10.16mm_Horizontal
attribut none
position 120.420000 106.500000  orientation 0.00
layer front
$PAD "1"
Shape Circle Layer both
position  0.000000  0.000000  size  1.600000  1.600000  orientation 0.00
drill  0.800000
shape_offset  0.000000  0.000000
$EndPAD
$PAD "2"
Shape Oval Layer both
position 10.160000  0.000000  size  1.600000  1.600000  orientation 0.00
drill  0.800000
shape_offset  0.000000  0.000000
$EndPAD
$EndMODULE  R3

$MODULE RV1
footprint Potentiometer_THT:Potentiometer_Bourns_3296W_Vertical
attribut none
position 115.500000 107.420000  orientation 90.00
layer front
$PAD "1"
Shape Circle Layer both
position  0.000000  0.000000  size  1.440000  1.440000  orientation 0.00
drill  0.800000
shape_offset  0.000000  0.000000
$EndPAD
$PAD "2"
Shape Circle Layer both
position -2.540000  0.000000  size  1.440000  1.440000  orientation 0.00
drill  0.800000
shape_offset  0.000000  0.000000
$EndPAD
$PAD "3"
Shape Circle Layer both
position -5.080000  0.000000  size  1.440000  1.440000  orientation 0.00
drill  0.800000
shape_offset  0.000000  0.000000
$EndPAD
$EndMODULE  RV1

$EndDESCRIPTION
